<?xml version="1.0" encoding="UTF-8"?>
<testsuite xmlns:xsi="http://www.w3.org/2001/XMLSchema-instance" xsi:noNamespaceSchemaLocation="https://maven.apache.org/surefire/maven-surefire-plugin/xsd/surefire-test-report.xsd" name="org.egov.im.web.controllers.RequestsApiControllerTest" time="0.004" tests="1" errors="0" skipped="1" failures="0">
  <properties>
[...]
</properties>
  <testcase name="org.egov.im.web.controllers.RequestsApiControllerTest" classname="org.egov.im.web.controllers.RequestsApiControllerTest" time="0">
    <skipped/>
    <system-out><![CDATA[23:11:01.627 [main] DEBUG org.springframework.test.context.junit4.SpringJUnit4ClassRunner - SpringJUnit4ClassRunner constructor called with [class org.egov.im.web.controllers.RequestsApiControllerTest]
23:11:01.631 [main] DEBUG org.springframework.test.context.BootstrapUtils - Instantiating CacheAwareContextLoaderDelegate from class [org.springframework.test.context.cache.DefaultCacheAwareContextLoaderDelegate]
23:11:01.640 [main] DEBUG org.springframework.test.context.BootstrapUtils - Instantiating BootstrapContext using constructor [public org.springframework.test.context.support.DefaultBootstrapContext(java.lang.Class,org.springframework.test.context.CacheAwareContextLoaderDelegate)]
23:11:01.686 [main] DEBUG org.springframework.test.context.BootstrapUtils - Instantiating TestContextBootstrapper for test class [org.egov.im.web.controllers.RequestsApiControllerTest] from class [org.springframework.boot.test.autoconfigure.web.servlet.WebMvcTestContextBootstrapper]
23:11:01.708 [main] INFO org.springframework.boot.test.autoconfigure.web.servlet.WebMvcTestContextBootstrapper - Neither @ContextConfiguration nor @ContextHierarchy found for test class [org.egov.im.web.controllers.RequestsApiControllerTest], using SpringBootContextLoader
23:11:01.713 [main] DEBUG org.springframework.test.context.support.AbstractContextLoader - Did not detect default resource location for test class [org.egov.im.web.controllers.RequestsApiControllerTest]: class path resource [org/egov/im/web/controllers/RequestsApiControllerTest-context.xml] does not exist
23:11:01.714 [main] DEBUG org.springframework.test.context.support.AbstractContextLoader - Did not detect default resource location for test class [org.egov.im.web.controllers.RequestsApiControllerTest]: class path resource [org/egov/im/web/controllers/RequestsApiControllerTestContext.groovy] does not exist
23:11:01.714 [main] INFO org.springframework.test.context.support.AbstractContextLoader - Could not detect default resource locations for test class [org.egov.im.web.controllers.RequestsApiControllerTest]: no resource found for suffixes {-context.xml, Context.groovy}.
23:11:01.716 [main] INFO org.springframework.test.context.support.AnnotationConfigContextLoaderUtils - Could not detect default configuration classes for test class [org.egov.im.web.controllers.RequestsApiControllerTest]: RequestsApiControllerTest does not declare any static, non-private, non-final, nested classes annotated with @Configuration.
23:11:01.797 [main] DEBUG org.springframework.test.context.support.ActiveProfilesUtils - Could not find an 'annotation declaring class' for annotation type [org.springframework.test.context.ActiveProfiles] and class [org.egov.im.web.controllers.RequestsApiControllerTest]
23:11:01.891 [main] DEBUG org.springframework.context.annotation.ClassPathScanningCandidateComponentProvider - Identified candidate component class: file [C:\Users\Administrator\CELCO\scm\municipal-services\im-services\target\classes\org\egov\im\IMApp.class]
23:11:01.892 [main] INFO org.springframework.boot.test.context.SpringBootTestContextBootstrapper - Found @SpringBootConfiguration org.egov.im.IMApp for test class org.egov.im.web.controllers.RequestsApiControllerTest
23:11:01.895 [main] DEBUG org.springframework.boot.test.autoconfigure.web.servlet.WebMvcTestContextBootstrapper - @TestExecutionListeners is not present for class [org.egov.im.web.controllers.RequestsApiControllerTest]: using defaults.
23:11:01.895 [main] INFO org.springframework.boot.test.autoconfigure.web.servlet.WebMvcTestContextBootstrapper - Loaded default TestExecutionListener class names from location [META-INF/spring.factories]: [org.springframework.boot.test.mock.mockito.MockitoTestExecutionListener, org.springframework.boot.test.mock.mockito.ResetMocksTestExecutionListener, org.springframework.boot.test.autoconfigure.restdocs.RestDocsTestExecutionListener, org.springframework.boot.test.autoconfigure.web.client.MockRestServiceServerResetTestExecutionListener, org.springframework.boot.test.autoconfigure.web.servlet.MockMvcPrintOnlyOnFailureTestExecutionListener, org.springframework.boot.test.autoconfigure.web.servlet.WebDriverTestExecutionListener, org.springframework.test.context.web.ServletTestExecutionListener, org.springframework.test.context.support.DirtiesContextBeforeModesTestExecutionListener, org.springframework.test.context.support.DependencyInjectionTestExecutionListener, org.springframework.test.context.support.DirtiesContextTestExecutionListener, org.springframework.test.context.transaction.TransactionalTestExecutionListener, org.springframework.test.context.jdbc.SqlScriptsTestExecutionListener, org.springframework.test.context.event.EventPublishingTestExecutionListener]
23:11:01.916 [main] INFO org.springframework.boot.test.autoconfigure.web.servlet.WebMvcTestContextBootstrapper - Using TestExecutionListeners: [org.springframework.test.context.web.ServletTestExecutionListener@4470f8a6, org.springframework.test.context.support.DirtiesContextBeforeModesTestExecutionListener@7c83dc97, org.springframework.boot.test.mock.mockito.MockitoTestExecutionListener@7748410a, org.springframework.boot.test.autoconfigure.SpringBootDependencyInjectionTestExecutionListener@740773a3, org.springframework.test.context.support.DirtiesContextTestExecutionListener@37f1104d, org.springframework.test.context.transaction.TransactionalTestExecutionListener@55740540, org.springframework.test.context.jdbc.SqlScriptsTestExecutionListener@60015ef5, org.springframework.test.context.event.EventPublishingTestExecutionListener@2f54a33d, org.springframework.boot.test.mock.mockito.ResetMocksTestExecutionListener@1018bde2, org.springframework.boot.test.autoconfigure.restdocs.RestDocsTestExecutionListener@65b3f4a4, org.springframework.boot.test.autoconfigure.web.client.MockRestServiceServerResetTestExecutionListener@f2ff811, org.springframework.boot.test.autoconfigure.web.servlet.MockMvcPrintOnlyOnFailureTestExecutionListener@568ff82, org.springframework.boot.test.autoconfigure.web.servlet.WebDriverTestExecutionListener@50caa560]
23:11:01.922 [main] DEBUG org.springframework.test.annotation.ProfileValueUtils - Retrieved @ProfileValueSourceConfiguration [null] for test class [org.egov.im.web.controllers.RequestsApiControllerTest]
23:11:01.923 [main] DEBUG org.springframework.test.annotation.ProfileValueUtils - Retrieved ProfileValueSource type [class org.springframework.test.annotation.SystemProfileValueSource] for class [org.egov.im.web.controllers.RequestsApiControllerTest]
23:11:01.956 [main] DEBUG org.springframework.test.context.junit4.SpringJUnit4ClassRunner - SpringJUnit4ClassRunner constructor called with [class org.egov.im.web.controllers.RequestsApiControllerTest]
23:11:01.956 [main] DEBUG org.springframework.test.context.BootstrapUtils - Instantiating CacheAwareContextLoaderDelegate from class [org.springframework.test.context.cache.DefaultCacheAwareContextLoaderDelegate]
23:11:01.956 [main] DEBUG org.springframework.test.context.BootstrapUtils - Instantiating BootstrapContext using constructor [public org.springframework.test.context.support.DefaultBootstrapContext(java.lang.Class,org.springframework.test.context.CacheAwareContextLoaderDelegate)]
23:11:01.956 [main] DEBUG org.springframework.test.context.BootstrapUtils - Instantiating TestContextBootstrapper for test class [org.egov.im.web.controllers.RequestsApiControllerTest] from class [org.springframework.boot.test.autoconfigure.web.servlet.WebMvcTestContextBootstrapper]
23:11:01.957 [main] INFO org.springframework.boot.test.autoconfigure.web.servlet.WebMvcTestContextBootstrapper - Neither @ContextConfiguration nor @ContextHierarchy found for test class [org.egov.im.web.controllers.RequestsApiControllerTest], using SpringBootContextLoader
23:11:01.957 [main] DEBUG org.springframework.test.context.support.AbstractContextLoader - Did not detect default resource location for test class [org.egov.im.web.controllers.RequestsApiControllerTest]: class path resource [org/egov/im/web/controllers/RequestsApiControllerTest-context.xml] does not exist
23:11:01.958 [main] DEBUG org.springframework.test.context.support.AbstractContextLoader - Did not detect default resource location for test class [org.egov.im.web.controllers.RequestsApiControllerTest]: class path resource [org/egov/im/web/controllers/RequestsApiControllerTestContext.groovy] does not exist
23:11:01.958 [main] INFO org.springframework.test.context.support.AbstractContextLoader - Could not detect default resource locations for test class [org.egov.im.web.controllers.RequestsApiControllerTest]: no resource found for suffixes {-context.xml, Context.groovy}.
23:11:01.958 [main] INFO org.springframework.test.context.support.AnnotationConfigContextLoaderUtils - Could not detect default configuration classes for test class [org.egov.im.web.controllers.RequestsApiControllerTest]: RequestsApiControllerTest does not declare any static, non-private, non-final, nested classes annotated with @Configuration.
23:11:01.964 [main] DEBUG org.springframework.test.context.support.ActiveProfilesUtils - Could not find an 'annotation declaring class' for annotation type [org.springframework.test.context.ActiveProfiles] and class [org.egov.im.web.controllers.RequestsApiControllerTest]
23:11:01.965 [main] INFO org.springframework.boot.test.context.SpringBootTestContextBootstrapper - Found @SpringBootConfiguration org.egov.im.IMApp for test class org.egov.im.web.controllers.RequestsApiControllerTest
23:11:01.965 [main] DEBUG org.springframework.boot.test.autoconfigure.web.servlet.WebMvcTestContextBootstrapper - @TestExecutionListeners is not present for class [org.egov.im.web.controllers.RequestsApiControllerTest]: using defaults.
23:11:01.965 [main] INFO org.springframework.boot.test.autoconfigure.web.servlet.WebMvcTestContextBootstrapper - Loaded default TestExecutionListener class names from location [META-INF/spring.factories]: [org.springframework.boot.test.mock.mockito.MockitoTestExecutionListener, org.springframework.boot.test.mock.mockito.ResetMocksTestExecutionListener, org.springframework.boot.test.autoconfigure.restdocs.RestDocsTestExecutionListener, org.springframework.boot.test.autoconfigure.web.client.MockRestServiceServerResetTestExecutionListener, org.springframework.boot.test.autoconfigure.web.servlet.MockMvcPrintOnlyOnFailureTestExecutionListener, org.springframework.boot.test.autoconfigure.web.servlet.WebDriverTestExecutionListener, org.springframework.test.context.web.ServletTestExecutionListener, org.springframework.test.context.support.DirtiesContextBeforeModesTestExecutionListener, org.springframework.test.context.support.DependencyInjectionTestExecutionListener, org.springframework.test.context.support.DirtiesContextTestExecutionListener, org.springframework.test.context.transaction.TransactionalTestExecutionListener, org.springframework.test.context.jdbc.SqlScriptsTestExecutionListener, org.springframework.test.context.event.EventPublishingTestExecutionListener]
23:11:01.966 [main] INFO org.springframework.boot.test.autoconfigure.web.servlet.WebMvcTestContextBootstrapper - Using TestExecutionListeners: [org.springframework.test.context.web.ServletTestExecutionListener@68c72235, org.springframework.test.context.support.DirtiesContextBeforeModesTestExecutionListener@10959ece, org.springframework.boot.test.mock.mockito.MockitoTestExecutionListener@3a6bb9bf, org.springframework.boot.test.autoconfigure.SpringBootDependencyInjectionTestExecutionListener@34f7cfd9, org.springframework.test.context.support.DirtiesContextTestExecutionListener@65f095f8, org.springframework.test.context.transaction.TransactionalTestExecutionListener@59af0466, org.springframework.test.context.jdbc.SqlScriptsTestExecutionListener@3e6ef8ad, org.springframework.test.context.event.EventPublishingTestExecutionListener@346d61be, org.springframework.boot.test.mock.mockito.ResetMocksTestExecutionListener@55536d9e, org.springframework.boot.test.autoconfigure.restdocs.RestDocsTestExecutionListener@747edf66, org.springframework.boot.test.autoconfigure.web.client.MockRestServiceServerResetTestExecutionListener@3d1cfad4, org.springframework.boot.test.autoconfigure.web.servlet.MockMvcPrintOnlyOnFailureTestExecutionListener@62230c58, org.springframework.boot.test.autoconfigure.web.servlet.WebDriverTestExecutionListener@2cd2a21f]
23:11:01.966 [main] DEBUG org.springframework.test.annotation.ProfileValueUtils - Retrieved @ProfileValueSourceConfiguration [null] for test class [org.egov.im.web.controllers.RequestsApiControllerTest]
23:11:01.966 [main] DEBUG org.springframework.test.annotation.ProfileValueUtils - Retrieved ProfileValueSource type [class org.springframework.test.annotation.SystemProfileValueSource] for class [org.egov.im.web.controllers.RequestsApiControllerTest]
23:11:02.031 [main] DEBUG org.springframework.test.annotation.ProfileValueUtils - Retrieved @ProfileValueSourceConfiguration [null] for test class [org.egov.im.web.controllers.RequestsApiControllerTest]
23:11:02.031 [main] DEBUG org.springframework.test.annotation.ProfileValueUtils - Retrieved ProfileValueSource type [class org.springframework.test.annotation.SystemProfileValueSource] for class [org.egov.im.web.controllers.RequestsApiControllerTest]
23:11:02.032 [main] DEBUG org.springframework.test.annotation.ProfileValueUtils - Retrieved @ProfileValueSourceConfiguration [null] for test class [org.egov.im.web.controllers.RequestsApiControllerTest]
23:11:02.033 [main] DEBUG org.springframework.test.annotation.ProfileValueUtils - Retrieved ProfileValueSource type [class org.springframework.test.annotation.SystemProfileValueSource] for class [org.egov.im.web.controllers.RequestsApiControllerTest]
]]></system-out>
  </testcase>
</testsuite>